<?xml version="1.0" encoding="UTF-8"?>
<testng-results ignored="0" total="2" passed="2" failed="0" skipped="0">
  <reporter-output>
  </reporter-output>
  <suite started-at="2023-08-25T08:00:32 GMT" name="Default suite" finished-at="2023-08-25T08:00:35 GMT" duration-ms="3005">
    <groups>
      <group name="cucumber">
        <method signature="AbstractTestNGCucumberTests.runScenario(io.cucumber.testng.PickleWrapper,io.cucumber.testng.FeatureWrapper)[pri:0, instance:runners.TaggedRunner@79e4c792]" name="runScenario" class="io.cucumber.testng.AbstractTestNGCucumberTests"/>
      </group> <!-- cucumber -->
    </groups>
    <test started-at="2023-08-25T08:00:32 GMT" name="Default test" finished-at="2023-08-25T08:00:35 GMT" duration-ms="3005">
      <class name="runners.TaggedRunner">
        <test-method is-config="true" signature="setUpClass(org.testng.ITestContext)[pri:0, instance:runners.TaggedRunner@79e4c792]" started-at="2023-08-25T08:00:32 GMT" name="setUpClass" finished-at="2023-08-25T08:00:33 GMT" duration-ms="981" status="PASS">
          <params>
            <param index="0">
              <value>
                <![CDATA[org.testng.TestRunner@13f9ad9]]>
              </value>
            </param>
          </params>
          <reporter-output>
          </reporter-output>
        </test-method> <!-- setUpClass -->
        <test-method signature="runScenario(io.cucumber.testng.PickleWrapper,io.cucumber.testng.FeatureWrapper)[pri:0, instance:runners.TaggedRunner@79e4c792]" started-at="2023-08-25T08:00:33 GMT" name="runScenario" description="Runs Cucumber Scenarios" data-provider="scenarios" finished-at="2023-08-25T08:00:34 GMT" duration-ms="305" status="PASS">
          <params>
            <param index="0">
              <value>
                <![CDATA["Delete a Deals"]]>
              </value>
            </param>
            <param index="1">
              <value>
                <![CDATA["Deals Management"]]>
              </value>
            </param>
          </params>
          <reporter-output>
          </reporter-output>
        </test-method> <!-- runScenario -->
        <test-method signature="runScenario(io.cucumber.testng.PickleWrapper,io.cucumber.testng.FeatureWrapper)[pri:0, instance:runners.TaggedRunner@79e4c792]" started-at="2023-08-25T08:00:34 GMT" name="runScenario" description="Runs Cucumber Scenarios" data-provider="scenarios" finished-at="2023-08-25T08:00:34 GMT" duration-ms="23" status="PASS">
          <params>
            <param index="0">
              <value>
                <![CDATA["Delete a Tasks"]]>
              </value>
            </param>
            <param index="1">
              <value>
                <![CDATA["Tasks Management"]]>
              </value>
            </param>
          </params>
          <reporter-output>
          </reporter-output>
        </test-method> <!-- runScenario -->
        <test-method is-config="true" signature="tearDownClass()[pri:0, instance:runners.TaggedRunner@79e4c792]" started-at="2023-08-25T08:00:34 GMT" name="tearDownClass" finished-at="2023-08-25T08:00:35 GMT" duration-ms="1610" status="PASS">
          <reporter-output>
          </reporter-output>
        </test-method> <!-- tearDownClass -->
      </class> <!-- runners.TaggedRunner -->
    </test> <!-- Default test -->
  </suite> <!-- Default suite -->
</testng-results>
